G75*
%MOIN*%
%OFA0B0*%
%FSLAX25Y25*%
%IPPOS*%
%LPD*%
%AMOC8*
5,1,8,0,0,1.08239X$1,22.5*
%
%ADD10C,0.00000*%
D10*
X0001400Y0001250D02*
X0001400Y0178415D01*
X0178565Y0178415D01*
X0178565Y0001250D01*
X0001400Y0001250D01*
X0014786Y0020935D02*
X0014788Y0021093D01*
X0014794Y0021251D01*
X0014804Y0021409D01*
X0014818Y0021567D01*
X0014836Y0021724D01*
X0014857Y0021881D01*
X0014883Y0022037D01*
X0014913Y0022193D01*
X0014946Y0022348D01*
X0014984Y0022501D01*
X0015025Y0022654D01*
X0015070Y0022806D01*
X0015119Y0022957D01*
X0015172Y0023106D01*
X0015228Y0023254D01*
X0015288Y0023400D01*
X0015352Y0023545D01*
X0015420Y0023688D01*
X0015491Y0023830D01*
X0015565Y0023970D01*
X0015643Y0024107D01*
X0015725Y0024243D01*
X0015809Y0024377D01*
X0015898Y0024508D01*
X0015989Y0024637D01*
X0016084Y0024764D01*
X0016181Y0024889D01*
X0016282Y0025011D01*
X0016386Y0025130D01*
X0016493Y0025247D01*
X0016603Y0025361D01*
X0016716Y0025472D01*
X0016831Y0025581D01*
X0016949Y0025686D01*
X0017070Y0025788D01*
X0017193Y0025888D01*
X0017319Y0025984D01*
X0017447Y0026077D01*
X0017577Y0026167D01*
X0017710Y0026253D01*
X0017845Y0026337D01*
X0017981Y0026416D01*
X0018120Y0026493D01*
X0018261Y0026565D01*
X0018403Y0026635D01*
X0018547Y0026700D01*
X0018693Y0026762D01*
X0018840Y0026820D01*
X0018989Y0026875D01*
X0019139Y0026926D01*
X0019290Y0026973D01*
X0019442Y0027016D01*
X0019595Y0027055D01*
X0019750Y0027091D01*
X0019905Y0027122D01*
X0020061Y0027150D01*
X0020217Y0027174D01*
X0020374Y0027194D01*
X0020532Y0027210D01*
X0020689Y0027222D01*
X0020848Y0027230D01*
X0021006Y0027234D01*
X0021164Y0027234D01*
X0021322Y0027230D01*
X0021481Y0027222D01*
X0021638Y0027210D01*
X0021796Y0027194D01*
X0021953Y0027174D01*
X0022109Y0027150D01*
X0022265Y0027122D01*
X0022420Y0027091D01*
X0022575Y0027055D01*
X0022728Y0027016D01*
X0022880Y0026973D01*
X0023031Y0026926D01*
X0023181Y0026875D01*
X0023330Y0026820D01*
X0023477Y0026762D01*
X0023623Y0026700D01*
X0023767Y0026635D01*
X0023909Y0026565D01*
X0024050Y0026493D01*
X0024189Y0026416D01*
X0024325Y0026337D01*
X0024460Y0026253D01*
X0024593Y0026167D01*
X0024723Y0026077D01*
X0024851Y0025984D01*
X0024977Y0025888D01*
X0025100Y0025788D01*
X0025221Y0025686D01*
X0025339Y0025581D01*
X0025454Y0025472D01*
X0025567Y0025361D01*
X0025677Y0025247D01*
X0025784Y0025130D01*
X0025888Y0025011D01*
X0025989Y0024889D01*
X0026086Y0024764D01*
X0026181Y0024637D01*
X0026272Y0024508D01*
X0026361Y0024377D01*
X0026445Y0024243D01*
X0026527Y0024107D01*
X0026605Y0023970D01*
X0026679Y0023830D01*
X0026750Y0023688D01*
X0026818Y0023545D01*
X0026882Y0023400D01*
X0026942Y0023254D01*
X0026998Y0023106D01*
X0027051Y0022957D01*
X0027100Y0022806D01*
X0027145Y0022654D01*
X0027186Y0022501D01*
X0027224Y0022348D01*
X0027257Y0022193D01*
X0027287Y0022037D01*
X0027313Y0021881D01*
X0027334Y0021724D01*
X0027352Y0021567D01*
X0027366Y0021409D01*
X0027376Y0021251D01*
X0027382Y0021093D01*
X0027384Y0020935D01*
X0027382Y0020777D01*
X0027376Y0020619D01*
X0027366Y0020461D01*
X0027352Y0020303D01*
X0027334Y0020146D01*
X0027313Y0019989D01*
X0027287Y0019833D01*
X0027257Y0019677D01*
X0027224Y0019522D01*
X0027186Y0019369D01*
X0027145Y0019216D01*
X0027100Y0019064D01*
X0027051Y0018913D01*
X0026998Y0018764D01*
X0026942Y0018616D01*
X0026882Y0018470D01*
X0026818Y0018325D01*
X0026750Y0018182D01*
X0026679Y0018040D01*
X0026605Y0017900D01*
X0026527Y0017763D01*
X0026445Y0017627D01*
X0026361Y0017493D01*
X0026272Y0017362D01*
X0026181Y0017233D01*
X0026086Y0017106D01*
X0025989Y0016981D01*
X0025888Y0016859D01*
X0025784Y0016740D01*
X0025677Y0016623D01*
X0025567Y0016509D01*
X0025454Y0016398D01*
X0025339Y0016289D01*
X0025221Y0016184D01*
X0025100Y0016082D01*
X0024977Y0015982D01*
X0024851Y0015886D01*
X0024723Y0015793D01*
X0024593Y0015703D01*
X0024460Y0015617D01*
X0024325Y0015533D01*
X0024189Y0015454D01*
X0024050Y0015377D01*
X0023909Y0015305D01*
X0023767Y0015235D01*
X0023623Y0015170D01*
X0023477Y0015108D01*
X0023330Y0015050D01*
X0023181Y0014995D01*
X0023031Y0014944D01*
X0022880Y0014897D01*
X0022728Y0014854D01*
X0022575Y0014815D01*
X0022420Y0014779D01*
X0022265Y0014748D01*
X0022109Y0014720D01*
X0021953Y0014696D01*
X0021796Y0014676D01*
X0021638Y0014660D01*
X0021481Y0014648D01*
X0021322Y0014640D01*
X0021164Y0014636D01*
X0021006Y0014636D01*
X0020848Y0014640D01*
X0020689Y0014648D01*
X0020532Y0014660D01*
X0020374Y0014676D01*
X0020217Y0014696D01*
X0020061Y0014720D01*
X0019905Y0014748D01*
X0019750Y0014779D01*
X0019595Y0014815D01*
X0019442Y0014854D01*
X0019290Y0014897D01*
X0019139Y0014944D01*
X0018989Y0014995D01*
X0018840Y0015050D01*
X0018693Y0015108D01*
X0018547Y0015170D01*
X0018403Y0015235D01*
X0018261Y0015305D01*
X0018120Y0015377D01*
X0017981Y0015454D01*
X0017845Y0015533D01*
X0017710Y0015617D01*
X0017577Y0015703D01*
X0017447Y0015793D01*
X0017319Y0015886D01*
X0017193Y0015982D01*
X0017070Y0016082D01*
X0016949Y0016184D01*
X0016831Y0016289D01*
X0016716Y0016398D01*
X0016603Y0016509D01*
X0016493Y0016623D01*
X0016386Y0016740D01*
X0016282Y0016859D01*
X0016181Y0016981D01*
X0016084Y0017106D01*
X0015989Y0017233D01*
X0015898Y0017362D01*
X0015809Y0017493D01*
X0015725Y0017627D01*
X0015643Y0017763D01*
X0015565Y0017900D01*
X0015491Y0018040D01*
X0015420Y0018182D01*
X0015352Y0018325D01*
X0015288Y0018470D01*
X0015228Y0018616D01*
X0015172Y0018764D01*
X0015119Y0018913D01*
X0015070Y0019064D01*
X0015025Y0019216D01*
X0014984Y0019369D01*
X0014946Y0019522D01*
X0014913Y0019677D01*
X0014883Y0019833D01*
X0014857Y0019989D01*
X0014836Y0020146D01*
X0014818Y0020303D01*
X0014804Y0020461D01*
X0014794Y0020619D01*
X0014788Y0020777D01*
X0014786Y0020935D01*
X0014786Y0158730D02*
X0014788Y0158888D01*
X0014794Y0159046D01*
X0014804Y0159204D01*
X0014818Y0159362D01*
X0014836Y0159519D01*
X0014857Y0159676D01*
X0014883Y0159832D01*
X0014913Y0159988D01*
X0014946Y0160143D01*
X0014984Y0160296D01*
X0015025Y0160449D01*
X0015070Y0160601D01*
X0015119Y0160752D01*
X0015172Y0160901D01*
X0015228Y0161049D01*
X0015288Y0161195D01*
X0015352Y0161340D01*
X0015420Y0161483D01*
X0015491Y0161625D01*
X0015565Y0161765D01*
X0015643Y0161902D01*
X0015725Y0162038D01*
X0015809Y0162172D01*
X0015898Y0162303D01*
X0015989Y0162432D01*
X0016084Y0162559D01*
X0016181Y0162684D01*
X0016282Y0162806D01*
X0016386Y0162925D01*
X0016493Y0163042D01*
X0016603Y0163156D01*
X0016716Y0163267D01*
X0016831Y0163376D01*
X0016949Y0163481D01*
X0017070Y0163583D01*
X0017193Y0163683D01*
X0017319Y0163779D01*
X0017447Y0163872D01*
X0017577Y0163962D01*
X0017710Y0164048D01*
X0017845Y0164132D01*
X0017981Y0164211D01*
X0018120Y0164288D01*
X0018261Y0164360D01*
X0018403Y0164430D01*
X0018547Y0164495D01*
X0018693Y0164557D01*
X0018840Y0164615D01*
X0018989Y0164670D01*
X0019139Y0164721D01*
X0019290Y0164768D01*
X0019442Y0164811D01*
X0019595Y0164850D01*
X0019750Y0164886D01*
X0019905Y0164917D01*
X0020061Y0164945D01*
X0020217Y0164969D01*
X0020374Y0164989D01*
X0020532Y0165005D01*
X0020689Y0165017D01*
X0020848Y0165025D01*
X0021006Y0165029D01*
X0021164Y0165029D01*
X0021322Y0165025D01*
X0021481Y0165017D01*
X0021638Y0165005D01*
X0021796Y0164989D01*
X0021953Y0164969D01*
X0022109Y0164945D01*
X0022265Y0164917D01*
X0022420Y0164886D01*
X0022575Y0164850D01*
X0022728Y0164811D01*
X0022880Y0164768D01*
X0023031Y0164721D01*
X0023181Y0164670D01*
X0023330Y0164615D01*
X0023477Y0164557D01*
X0023623Y0164495D01*
X0023767Y0164430D01*
X0023909Y0164360D01*
X0024050Y0164288D01*
X0024189Y0164211D01*
X0024325Y0164132D01*
X0024460Y0164048D01*
X0024593Y0163962D01*
X0024723Y0163872D01*
X0024851Y0163779D01*
X0024977Y0163683D01*
X0025100Y0163583D01*
X0025221Y0163481D01*
X0025339Y0163376D01*
X0025454Y0163267D01*
X0025567Y0163156D01*
X0025677Y0163042D01*
X0025784Y0162925D01*
X0025888Y0162806D01*
X0025989Y0162684D01*
X0026086Y0162559D01*
X0026181Y0162432D01*
X0026272Y0162303D01*
X0026361Y0162172D01*
X0026445Y0162038D01*
X0026527Y0161902D01*
X0026605Y0161765D01*
X0026679Y0161625D01*
X0026750Y0161483D01*
X0026818Y0161340D01*
X0026882Y0161195D01*
X0026942Y0161049D01*
X0026998Y0160901D01*
X0027051Y0160752D01*
X0027100Y0160601D01*
X0027145Y0160449D01*
X0027186Y0160296D01*
X0027224Y0160143D01*
X0027257Y0159988D01*
X0027287Y0159832D01*
X0027313Y0159676D01*
X0027334Y0159519D01*
X0027352Y0159362D01*
X0027366Y0159204D01*
X0027376Y0159046D01*
X0027382Y0158888D01*
X0027384Y0158730D01*
X0027382Y0158572D01*
X0027376Y0158414D01*
X0027366Y0158256D01*
X0027352Y0158098D01*
X0027334Y0157941D01*
X0027313Y0157784D01*
X0027287Y0157628D01*
X0027257Y0157472D01*
X0027224Y0157317D01*
X0027186Y0157164D01*
X0027145Y0157011D01*
X0027100Y0156859D01*
X0027051Y0156708D01*
X0026998Y0156559D01*
X0026942Y0156411D01*
X0026882Y0156265D01*
X0026818Y0156120D01*
X0026750Y0155977D01*
X0026679Y0155835D01*
X0026605Y0155695D01*
X0026527Y0155558D01*
X0026445Y0155422D01*
X0026361Y0155288D01*
X0026272Y0155157D01*
X0026181Y0155028D01*
X0026086Y0154901D01*
X0025989Y0154776D01*
X0025888Y0154654D01*
X0025784Y0154535D01*
X0025677Y0154418D01*
X0025567Y0154304D01*
X0025454Y0154193D01*
X0025339Y0154084D01*
X0025221Y0153979D01*
X0025100Y0153877D01*
X0024977Y0153777D01*
X0024851Y0153681D01*
X0024723Y0153588D01*
X0024593Y0153498D01*
X0024460Y0153412D01*
X0024325Y0153328D01*
X0024189Y0153249D01*
X0024050Y0153172D01*
X0023909Y0153100D01*
X0023767Y0153030D01*
X0023623Y0152965D01*
X0023477Y0152903D01*
X0023330Y0152845D01*
X0023181Y0152790D01*
X0023031Y0152739D01*
X0022880Y0152692D01*
X0022728Y0152649D01*
X0022575Y0152610D01*
X0022420Y0152574D01*
X0022265Y0152543D01*
X0022109Y0152515D01*
X0021953Y0152491D01*
X0021796Y0152471D01*
X0021638Y0152455D01*
X0021481Y0152443D01*
X0021322Y0152435D01*
X0021164Y0152431D01*
X0021006Y0152431D01*
X0020848Y0152435D01*
X0020689Y0152443D01*
X0020532Y0152455D01*
X0020374Y0152471D01*
X0020217Y0152491D01*
X0020061Y0152515D01*
X0019905Y0152543D01*
X0019750Y0152574D01*
X0019595Y0152610D01*
X0019442Y0152649D01*
X0019290Y0152692D01*
X0019139Y0152739D01*
X0018989Y0152790D01*
X0018840Y0152845D01*
X0018693Y0152903D01*
X0018547Y0152965D01*
X0018403Y0153030D01*
X0018261Y0153100D01*
X0018120Y0153172D01*
X0017981Y0153249D01*
X0017845Y0153328D01*
X0017710Y0153412D01*
X0017577Y0153498D01*
X0017447Y0153588D01*
X0017319Y0153681D01*
X0017193Y0153777D01*
X0017070Y0153877D01*
X0016949Y0153979D01*
X0016831Y0154084D01*
X0016716Y0154193D01*
X0016603Y0154304D01*
X0016493Y0154418D01*
X0016386Y0154535D01*
X0016282Y0154654D01*
X0016181Y0154776D01*
X0016084Y0154901D01*
X0015989Y0155028D01*
X0015898Y0155157D01*
X0015809Y0155288D01*
X0015725Y0155422D01*
X0015643Y0155558D01*
X0015565Y0155695D01*
X0015491Y0155835D01*
X0015420Y0155977D01*
X0015352Y0156120D01*
X0015288Y0156265D01*
X0015228Y0156411D01*
X0015172Y0156559D01*
X0015119Y0156708D01*
X0015070Y0156859D01*
X0015025Y0157011D01*
X0014984Y0157164D01*
X0014946Y0157317D01*
X0014913Y0157472D01*
X0014883Y0157628D01*
X0014857Y0157784D01*
X0014836Y0157941D01*
X0014818Y0158098D01*
X0014804Y0158256D01*
X0014794Y0158414D01*
X0014788Y0158572D01*
X0014786Y0158730D01*
X0152581Y0158730D02*
X0152583Y0158888D01*
X0152589Y0159046D01*
X0152599Y0159204D01*
X0152613Y0159362D01*
X0152631Y0159519D01*
X0152652Y0159676D01*
X0152678Y0159832D01*
X0152708Y0159988D01*
X0152741Y0160143D01*
X0152779Y0160296D01*
X0152820Y0160449D01*
X0152865Y0160601D01*
X0152914Y0160752D01*
X0152967Y0160901D01*
X0153023Y0161049D01*
X0153083Y0161195D01*
X0153147Y0161340D01*
X0153215Y0161483D01*
X0153286Y0161625D01*
X0153360Y0161765D01*
X0153438Y0161902D01*
X0153520Y0162038D01*
X0153604Y0162172D01*
X0153693Y0162303D01*
X0153784Y0162432D01*
X0153879Y0162559D01*
X0153976Y0162684D01*
X0154077Y0162806D01*
X0154181Y0162925D01*
X0154288Y0163042D01*
X0154398Y0163156D01*
X0154511Y0163267D01*
X0154626Y0163376D01*
X0154744Y0163481D01*
X0154865Y0163583D01*
X0154988Y0163683D01*
X0155114Y0163779D01*
X0155242Y0163872D01*
X0155372Y0163962D01*
X0155505Y0164048D01*
X0155640Y0164132D01*
X0155776Y0164211D01*
X0155915Y0164288D01*
X0156056Y0164360D01*
X0156198Y0164430D01*
X0156342Y0164495D01*
X0156488Y0164557D01*
X0156635Y0164615D01*
X0156784Y0164670D01*
X0156934Y0164721D01*
X0157085Y0164768D01*
X0157237Y0164811D01*
X0157390Y0164850D01*
X0157545Y0164886D01*
X0157700Y0164917D01*
X0157856Y0164945D01*
X0158012Y0164969D01*
X0158169Y0164989D01*
X0158327Y0165005D01*
X0158484Y0165017D01*
X0158643Y0165025D01*
X0158801Y0165029D01*
X0158959Y0165029D01*
X0159117Y0165025D01*
X0159276Y0165017D01*
X0159433Y0165005D01*
X0159591Y0164989D01*
X0159748Y0164969D01*
X0159904Y0164945D01*
X0160060Y0164917D01*
X0160215Y0164886D01*
X0160370Y0164850D01*
X0160523Y0164811D01*
X0160675Y0164768D01*
X0160826Y0164721D01*
X0160976Y0164670D01*
X0161125Y0164615D01*
X0161272Y0164557D01*
X0161418Y0164495D01*
X0161562Y0164430D01*
X0161704Y0164360D01*
X0161845Y0164288D01*
X0161984Y0164211D01*
X0162120Y0164132D01*
X0162255Y0164048D01*
X0162388Y0163962D01*
X0162518Y0163872D01*
X0162646Y0163779D01*
X0162772Y0163683D01*
X0162895Y0163583D01*
X0163016Y0163481D01*
X0163134Y0163376D01*
X0163249Y0163267D01*
X0163362Y0163156D01*
X0163472Y0163042D01*
X0163579Y0162925D01*
X0163683Y0162806D01*
X0163784Y0162684D01*
X0163881Y0162559D01*
X0163976Y0162432D01*
X0164067Y0162303D01*
X0164156Y0162172D01*
X0164240Y0162038D01*
X0164322Y0161902D01*
X0164400Y0161765D01*
X0164474Y0161625D01*
X0164545Y0161483D01*
X0164613Y0161340D01*
X0164677Y0161195D01*
X0164737Y0161049D01*
X0164793Y0160901D01*
X0164846Y0160752D01*
X0164895Y0160601D01*
X0164940Y0160449D01*
X0164981Y0160296D01*
X0165019Y0160143D01*
X0165052Y0159988D01*
X0165082Y0159832D01*
X0165108Y0159676D01*
X0165129Y0159519D01*
X0165147Y0159362D01*
X0165161Y0159204D01*
X0165171Y0159046D01*
X0165177Y0158888D01*
X0165179Y0158730D01*
X0165177Y0158572D01*
X0165171Y0158414D01*
X0165161Y0158256D01*
X0165147Y0158098D01*
X0165129Y0157941D01*
X0165108Y0157784D01*
X0165082Y0157628D01*
X0165052Y0157472D01*
X0165019Y0157317D01*
X0164981Y0157164D01*
X0164940Y0157011D01*
X0164895Y0156859D01*
X0164846Y0156708D01*
X0164793Y0156559D01*
X0164737Y0156411D01*
X0164677Y0156265D01*
X0164613Y0156120D01*
X0164545Y0155977D01*
X0164474Y0155835D01*
X0164400Y0155695D01*
X0164322Y0155558D01*
X0164240Y0155422D01*
X0164156Y0155288D01*
X0164067Y0155157D01*
X0163976Y0155028D01*
X0163881Y0154901D01*
X0163784Y0154776D01*
X0163683Y0154654D01*
X0163579Y0154535D01*
X0163472Y0154418D01*
X0163362Y0154304D01*
X0163249Y0154193D01*
X0163134Y0154084D01*
X0163016Y0153979D01*
X0162895Y0153877D01*
X0162772Y0153777D01*
X0162646Y0153681D01*
X0162518Y0153588D01*
X0162388Y0153498D01*
X0162255Y0153412D01*
X0162120Y0153328D01*
X0161984Y0153249D01*
X0161845Y0153172D01*
X0161704Y0153100D01*
X0161562Y0153030D01*
X0161418Y0152965D01*
X0161272Y0152903D01*
X0161125Y0152845D01*
X0160976Y0152790D01*
X0160826Y0152739D01*
X0160675Y0152692D01*
X0160523Y0152649D01*
X0160370Y0152610D01*
X0160215Y0152574D01*
X0160060Y0152543D01*
X0159904Y0152515D01*
X0159748Y0152491D01*
X0159591Y0152471D01*
X0159433Y0152455D01*
X0159276Y0152443D01*
X0159117Y0152435D01*
X0158959Y0152431D01*
X0158801Y0152431D01*
X0158643Y0152435D01*
X0158484Y0152443D01*
X0158327Y0152455D01*
X0158169Y0152471D01*
X0158012Y0152491D01*
X0157856Y0152515D01*
X0157700Y0152543D01*
X0157545Y0152574D01*
X0157390Y0152610D01*
X0157237Y0152649D01*
X0157085Y0152692D01*
X0156934Y0152739D01*
X0156784Y0152790D01*
X0156635Y0152845D01*
X0156488Y0152903D01*
X0156342Y0152965D01*
X0156198Y0153030D01*
X0156056Y0153100D01*
X0155915Y0153172D01*
X0155776Y0153249D01*
X0155640Y0153328D01*
X0155505Y0153412D01*
X0155372Y0153498D01*
X0155242Y0153588D01*
X0155114Y0153681D01*
X0154988Y0153777D01*
X0154865Y0153877D01*
X0154744Y0153979D01*
X0154626Y0154084D01*
X0154511Y0154193D01*
X0154398Y0154304D01*
X0154288Y0154418D01*
X0154181Y0154535D01*
X0154077Y0154654D01*
X0153976Y0154776D01*
X0153879Y0154901D01*
X0153784Y0155028D01*
X0153693Y0155157D01*
X0153604Y0155288D01*
X0153520Y0155422D01*
X0153438Y0155558D01*
X0153360Y0155695D01*
X0153286Y0155835D01*
X0153215Y0155977D01*
X0153147Y0156120D01*
X0153083Y0156265D01*
X0153023Y0156411D01*
X0152967Y0156559D01*
X0152914Y0156708D01*
X0152865Y0156859D01*
X0152820Y0157011D01*
X0152779Y0157164D01*
X0152741Y0157317D01*
X0152708Y0157472D01*
X0152678Y0157628D01*
X0152652Y0157784D01*
X0152631Y0157941D01*
X0152613Y0158098D01*
X0152599Y0158256D01*
X0152589Y0158414D01*
X0152583Y0158572D01*
X0152581Y0158730D01*
X0152581Y0020935D02*
X0152583Y0021093D01*
X0152589Y0021251D01*
X0152599Y0021409D01*
X0152613Y0021567D01*
X0152631Y0021724D01*
X0152652Y0021881D01*
X0152678Y0022037D01*
X0152708Y0022193D01*
X0152741Y0022348D01*
X0152779Y0022501D01*
X0152820Y0022654D01*
X0152865Y0022806D01*
X0152914Y0022957D01*
X0152967Y0023106D01*
X0153023Y0023254D01*
X0153083Y0023400D01*
X0153147Y0023545D01*
X0153215Y0023688D01*
X0153286Y0023830D01*
X0153360Y0023970D01*
X0153438Y0024107D01*
X0153520Y0024243D01*
X0153604Y0024377D01*
X0153693Y0024508D01*
X0153784Y0024637D01*
X0153879Y0024764D01*
X0153976Y0024889D01*
X0154077Y0025011D01*
X0154181Y0025130D01*
X0154288Y0025247D01*
X0154398Y0025361D01*
X0154511Y0025472D01*
X0154626Y0025581D01*
X0154744Y0025686D01*
X0154865Y0025788D01*
X0154988Y0025888D01*
X0155114Y0025984D01*
X0155242Y0026077D01*
X0155372Y0026167D01*
X0155505Y0026253D01*
X0155640Y0026337D01*
X0155776Y0026416D01*
X0155915Y0026493D01*
X0156056Y0026565D01*
X0156198Y0026635D01*
X0156342Y0026700D01*
X0156488Y0026762D01*
X0156635Y0026820D01*
X0156784Y0026875D01*
X0156934Y0026926D01*
X0157085Y0026973D01*
X0157237Y0027016D01*
X0157390Y0027055D01*
X0157545Y0027091D01*
X0157700Y0027122D01*
X0157856Y0027150D01*
X0158012Y0027174D01*
X0158169Y0027194D01*
X0158327Y0027210D01*
X0158484Y0027222D01*
X0158643Y0027230D01*
X0158801Y0027234D01*
X0158959Y0027234D01*
X0159117Y0027230D01*
X0159276Y0027222D01*
X0159433Y0027210D01*
X0159591Y0027194D01*
X0159748Y0027174D01*
X0159904Y0027150D01*
X0160060Y0027122D01*
X0160215Y0027091D01*
X0160370Y0027055D01*
X0160523Y0027016D01*
X0160675Y0026973D01*
X0160826Y0026926D01*
X0160976Y0026875D01*
X0161125Y0026820D01*
X0161272Y0026762D01*
X0161418Y0026700D01*
X0161562Y0026635D01*
X0161704Y0026565D01*
X0161845Y0026493D01*
X0161984Y0026416D01*
X0162120Y0026337D01*
X0162255Y0026253D01*
X0162388Y0026167D01*
X0162518Y0026077D01*
X0162646Y0025984D01*
X0162772Y0025888D01*
X0162895Y0025788D01*
X0163016Y0025686D01*
X0163134Y0025581D01*
X0163249Y0025472D01*
X0163362Y0025361D01*
X0163472Y0025247D01*
X0163579Y0025130D01*
X0163683Y0025011D01*
X0163784Y0024889D01*
X0163881Y0024764D01*
X0163976Y0024637D01*
X0164067Y0024508D01*
X0164156Y0024377D01*
X0164240Y0024243D01*
X0164322Y0024107D01*
X0164400Y0023970D01*
X0164474Y0023830D01*
X0164545Y0023688D01*
X0164613Y0023545D01*
X0164677Y0023400D01*
X0164737Y0023254D01*
X0164793Y0023106D01*
X0164846Y0022957D01*
X0164895Y0022806D01*
X0164940Y0022654D01*
X0164981Y0022501D01*
X0165019Y0022348D01*
X0165052Y0022193D01*
X0165082Y0022037D01*
X0165108Y0021881D01*
X0165129Y0021724D01*
X0165147Y0021567D01*
X0165161Y0021409D01*
X0165171Y0021251D01*
X0165177Y0021093D01*
X0165179Y0020935D01*
X0165177Y0020777D01*
X0165171Y0020619D01*
X0165161Y0020461D01*
X0165147Y0020303D01*
X0165129Y0020146D01*
X0165108Y0019989D01*
X0165082Y0019833D01*
X0165052Y0019677D01*
X0165019Y0019522D01*
X0164981Y0019369D01*
X0164940Y0019216D01*
X0164895Y0019064D01*
X0164846Y0018913D01*
X0164793Y0018764D01*
X0164737Y0018616D01*
X0164677Y0018470D01*
X0164613Y0018325D01*
X0164545Y0018182D01*
X0164474Y0018040D01*
X0164400Y0017900D01*
X0164322Y0017763D01*
X0164240Y0017627D01*
X0164156Y0017493D01*
X0164067Y0017362D01*
X0163976Y0017233D01*
X0163881Y0017106D01*
X0163784Y0016981D01*
X0163683Y0016859D01*
X0163579Y0016740D01*
X0163472Y0016623D01*
X0163362Y0016509D01*
X0163249Y0016398D01*
X0163134Y0016289D01*
X0163016Y0016184D01*
X0162895Y0016082D01*
X0162772Y0015982D01*
X0162646Y0015886D01*
X0162518Y0015793D01*
X0162388Y0015703D01*
X0162255Y0015617D01*
X0162120Y0015533D01*
X0161984Y0015454D01*
X0161845Y0015377D01*
X0161704Y0015305D01*
X0161562Y0015235D01*
X0161418Y0015170D01*
X0161272Y0015108D01*
X0161125Y0015050D01*
X0160976Y0014995D01*
X0160826Y0014944D01*
X0160675Y0014897D01*
X0160523Y0014854D01*
X0160370Y0014815D01*
X0160215Y0014779D01*
X0160060Y0014748D01*
X0159904Y0014720D01*
X0159748Y0014696D01*
X0159591Y0014676D01*
X0159433Y0014660D01*
X0159276Y0014648D01*
X0159117Y0014640D01*
X0158959Y0014636D01*
X0158801Y0014636D01*
X0158643Y0014640D01*
X0158484Y0014648D01*
X0158327Y0014660D01*
X0158169Y0014676D01*
X0158012Y0014696D01*
X0157856Y0014720D01*
X0157700Y0014748D01*
X0157545Y0014779D01*
X0157390Y0014815D01*
X0157237Y0014854D01*
X0157085Y0014897D01*
X0156934Y0014944D01*
X0156784Y0014995D01*
X0156635Y0015050D01*
X0156488Y0015108D01*
X0156342Y0015170D01*
X0156198Y0015235D01*
X0156056Y0015305D01*
X0155915Y0015377D01*
X0155776Y0015454D01*
X0155640Y0015533D01*
X0155505Y0015617D01*
X0155372Y0015703D01*
X0155242Y0015793D01*
X0155114Y0015886D01*
X0154988Y0015982D01*
X0154865Y0016082D01*
X0154744Y0016184D01*
X0154626Y0016289D01*
X0154511Y0016398D01*
X0154398Y0016509D01*
X0154288Y0016623D01*
X0154181Y0016740D01*
X0154077Y0016859D01*
X0153976Y0016981D01*
X0153879Y0017106D01*
X0153784Y0017233D01*
X0153693Y0017362D01*
X0153604Y0017493D01*
X0153520Y0017627D01*
X0153438Y0017763D01*
X0153360Y0017900D01*
X0153286Y0018040D01*
X0153215Y0018182D01*
X0153147Y0018325D01*
X0153083Y0018470D01*
X0153023Y0018616D01*
X0152967Y0018764D01*
X0152914Y0018913D01*
X0152865Y0019064D01*
X0152820Y0019216D01*
X0152779Y0019369D01*
X0152741Y0019522D01*
X0152708Y0019677D01*
X0152678Y0019833D01*
X0152652Y0019989D01*
X0152631Y0020146D01*
X0152613Y0020303D01*
X0152599Y0020461D01*
X0152589Y0020619D01*
X0152583Y0020777D01*
X0152581Y0020935D01*
M02*
